Unable to capture context for thread 5240 in process 4180, can not generate back trace
Exception at PC 0x000007FEC13BBB93
Printing stacktrace...

Exception at PC 0x000007FEFD8CA06D
Exception at PC 0x000007FEFD8CA06D
Exception at PC 0x000007FEFD8CA06D
Exception at PC 0x000007FEFD8CA06D
Exception at PC 0x000007FEFD8CA06D
Exception at PC 0x000007FEFD8CA06D
Exception at PC 0x000007FEFD8CA06D
Exception at PC 0x000007FEFD8CA06D
Exception at PC 0x000007FEFD8CA06D
Exception at PC 0x000007FEFD8CA06D
Exception at PC 0x000007FEFD8CA06D
Exception at PC 0x000007FEFD8CA06D
Exception at PC 0x000007FEFD8CA06D
Exception at PC 0x000007FEFD8CA06D
Exception at PC 0x000007FEFD8CA06D
Exception at PC 0x000007FEFD8CA06D
Exception at PC 0x000007FEFD8CA06D
Exception at PC 0x000007FEFD8CA06D
Exception at PC 0x000007FEFD8CA06D
Exception at PC 0x000007FEFD8CA06D
[0]  [0x000007FEC13BBB93]
[1]  [0x000007FEC13BBB93]
[2]  [0x000007FEC13BB4A1]
[3]  [0x000007FEC13BB3EF]
[4]  [0x000007FEC13A19FE]
[5]  [0x000007FEC13A0ED1]
[6]  [0x000007FEC13A0D76]
[7]  [0x000007FEC13479F6]
[8]  [0x000007FEC1337AFB]
[9]  [0x000007FEC145E90A]
[10]  [0x000007FEC1479F87]
[11]  [0x000007FEC147A05F]
[12] (BaseThreadInitThunk+0xd) [0x00000000777559BD]
[13] (RtlUserThreadStart+0x21) [0x000000007788A2E1]
Done
