Vivado Simulator 2016.4
Copyright 1986-1999, 2001-2016 Xilinx, Inc. All Rights Reserved.
Running: C:/Xilinx/Vivado/2016.4/bin/unwrapped/win64.o/xelab.exe -wto 88ae4126848c4f96af873930ad996926 --debug typical --relax --mt 2 -L xil_defaultlib -L secureip --snapshot TB_Top_behav xil_defaultlib.TB_Top -log elaborate.log 
Using 2 slave threads.
Starting static elaboration
Completed static elaboration
Starting simulation data flow analysis
Completed simulation data flow analysis
Time Resolution for simulation is 1ps
Compiling package std.standard
Compiling package std.textio
Compiling package ieee.std_logic_1164
Compiling package ieee.std_logic_arith
Compiling package ieee.std_logic_unsigned
Compiling architecture behavioral of entity xil_defaultlib.IMPULSE_COUNT [impulse_count_default]
Compiling architecture behavioral of entity xil_defaultlib.Selector [selector_default]
Compiling architecture behavioral of entity xil_defaultlib.FSM [fsm_default]
Compiling architecture behavioral of entity xil_defaultlib.Top [top_default]
Compiling architecture behavioral of entity xil_defaultlib.tb_top
Built simulation snapshot TB_Top_behav
